This file contains any messages produced by compilers while
running configure, to aid debugging if configure makes a mistake.

It was created by reprof configure 1.0, which was
generated by GNU Autoconf 2.67.  Invocation command line was

  $ ./configure --build=x86_64-linux-gnu --prefix=/usr --includedir=${prefix}/include --mandir=${prefix}/share/man --infodir=${prefix}/share/info --sysconfdir=/etc --localstatedir=/var --libexecdir=${prefix}/lib/reprof --disable-maintainer-mode --disable-dependency-tracking

## --------- ##
## Platform. ##
## --------- ##

hostname = n03.rostclust
uname -m = x86_64
uname -r = 2.6.32-5-amd64
uname -s = Linux
uname -v = #1 SMP Mon Oct 3 03:59:20 UTC 2011

/usr/bin/uname -p = unknown
/bin/uname -X     = unknown

/bin/arch              = unknown
/usr/bin/arch -k       = unknown
/usr/convex/getsysinfo = unknown
/usr/bin/hostinfo      = unknown
/bin/machine           = unknown
/usr/bin/oslevel       = unknown
/bin/universe          = unknown

PATH: /usr/local/bin
PATH: /usr/bin
PATH: /bin
PATH: /usr/games
PATH: /mnt/home/hoenigschmid/scripts
PATH: /mnt/home/hoenigschmid/scripts


## ----------- ##
## Core tests. ##
## ----------- ##

configure:1715: checking for a BSD-compatible install
configure:1783: result: /usr/bin/install -c
configure:1794: checking whether build environment is sane
configure:1844: result: yes
configure:1985: checking for a thread-safe mkdir -p
configure:2024: result: /bin/mkdir -p
configure:2037: checking for gawk
configure:2053: found /usr/bin/gawk
configure:2064: result: gawk
configure:2075: checking whether make sets $(MAKE)
configure:2097: result: yes
configure:2325: creating ./config.status

## ---------------------- ##
## Running config.status. ##
## ---------------------- ##

This file was extended by reprof config.status 1.0, which was
generated by GNU Autoconf 2.67.  Invocation command line was

  CONFIG_FILES    = 
  CONFIG_HEADERS  = 
  CONFIG_LINKS    = 
  CONFIG_COMMANDS = 
  $ ./config.status 

on n03.rostclust

config.status:754: creating Makefile
config.status:754: creating Build.PL
config.status:754: creating lib/Makefile
config.status:754: creating lib/RG/Makefile
config.status:754: creating lib/RG/Reprof/Makefile
config.status:754: creating scripts/Makefile
config.status:754: creating share/Makefile
configure:3354: WARNING: unrecognized options: --disable-maintainer-mode, --disable-dependency-tracking

## ---------------- ##
## Cache variables. ##
## ---------------- ##

ac_cv_env_build_alias_set=set
ac_cv_env_build_alias_value=x86_64-linux-gnu
ac_cv_env_host_alias_set=
ac_cv_env_host_alias_value=
ac_cv_env_target_alias_set=
ac_cv_env_target_alias_value=
ac_cv_path_install='/usr/bin/install -c'
ac_cv_path_mkdir=/bin/mkdir
ac_cv_prog_AWK=gawk
ac_cv_prog_make_make_set=yes

## ----------------- ##
## Output variables. ##
## ----------------- ##

ACLOCAL='${SHELL} /mnt/project/reprof/deb/reprof-1.0/missing --run aclocal-1.11'
AMTAR='${SHELL} /mnt/project/reprof/deb/reprof-1.0/missing --run tar'
AUTOCONF='${SHELL} /mnt/project/reprof/deb/reprof-1.0/missing --run autoconf'
AUTOHEADER='${SHELL} /mnt/project/reprof/deb/reprof-1.0/missing --run autoheader'
AUTOMAKE='${SHELL} /mnt/project/reprof/deb/reprof-1.0/missing --run automake-1.11'
AWK='gawk'
CYGPATH_W='echo'
DEFS='-DPACKAGE_NAME=\"reprof\" -DPACKAGE_TARNAME=\"reprof\" -DPACKAGE_VERSION=\"1.0\" -DPACKAGE_STRING=\"reprof\ 1.0\" -DPACKAGE_BUGREPORT=\"hoenigschmid@rostlab.org\" -DPACKAGE_URL=\"\" -DPACKAGE=\"reprof\" -DVERSION=\"1.0\"'
ECHO_C=''
ECHO_N='-n'
ECHO_T=''
INSTALL_BASE_ARG=''
INSTALL_DATA='${INSTALL} -m 644'
INSTALL_PROGRAM='${INSTALL}'
INSTALL_SCRIPT='${INSTALL}'
INSTALL_STRIP_PROGRAM='$(install_sh) -c -s'
LIBOBJS=''
LIBS=''
LTLIBOBJS=''
MAKEINFO='${SHELL} /mnt/project/reprof/deb/reprof-1.0/missing --run makeinfo'
MKDIR_P='/bin/mkdir -p'
PACKAGE='reprof'
PACKAGE_BUGREPORT='hoenigschmid@rostlab.org'
PACKAGE_NAME='reprof'
PACKAGE_STRING='reprof 1.0'
PACKAGE_TARNAME='reprof'
PACKAGE_URL=''
PACKAGE_VERSION='1.0'
PATH_SEPARATOR=':'
SET_MAKE=''
SHELL='/bin/sh'
STRIP=''
VERSION='1.0'
am__isrc=''
am__leading_dot='.'
am__tar='${AMTAR} chof - "$$tardir"'
am__untar='${AMTAR} xf -'
bindir='${exec_prefix}/bin'
build_alias='x86_64-linux-gnu'
datadir='${datarootdir}'
datarootdir='${prefix}/share'
docdir='${datarootdir}/doc/${PACKAGE_TARNAME}'
dvidir='${docdir}'
exec_prefix='${prefix}'
host_alias=''
htmldir='${docdir}'
includedir='${prefix}/include'
infodir='${prefix}/share/info'
install_sh='${SHELL} /mnt/project/reprof/deb/reprof-1.0/install-sh'
libdir='${exec_prefix}/lib'
libexecdir='${prefix}/lib/reprof'
localedir='${datarootdir}/locale'
localstatedir='/var'
mandir='${prefix}/share/man'
mkdir_p='/bin/mkdir -p'
oldincludedir='/usr/include'
pdfdir='${docdir}'
prefix='/usr'
program_transform_name='s,x,x,'
psdir='${docdir}'
sbindir='${exec_prefix}/sbin'
sharedstatedir='${prefix}/com'
sysconfdir='/etc'
target_alias=''

## ----------- ##
## confdefs.h. ##
## ----------- ##

/* confdefs.h */
#define PACKAGE_NAME "reprof"
#define PACKAGE_TARNAME "reprof"
#define PACKAGE_VERSION "1.0"
#define PACKAGE_STRING "reprof 1.0"
#define PACKAGE_BUGREPORT "hoenigschmid@rostlab.org"
#define PACKAGE_URL ""
#define PACKAGE "reprof"
#define VERSION "1.0"

configure: exit 0
